
#########################################################################################

Summary :

Minimum voltage in the 5 bus system is at bus no : 4	Voltage magnitude is : 0.908939

Real Power Loss = 6.576999 MW

Reactive Power Loss =  19.730998 MVAr


-----------------------------------------------------------------------------------------
			Newton Raphson Loadflow Results		
-----------------------------------------------------------------------------------------

| Bus |      V      |   Angle  |     Injection Power      |          Load      |
| No  |      pu     |  Degrees |    MW      |      MVar   |     KW     |  KVar |

-----------------------------------------------------------------------------------------

   1	1.000000    0.000000	131.577977    48.766277   0.000   0.000
   2	0.962552    -2.733563	19.999719    21.879814   -20000.000   -20000.000
   3	0.914290    -4.671582	-45.000306    -22.725971   45000.000   15000.000
   4	0.904995    -4.845839	-40.000302    -56.545788   40000.000   50000.000
   5	0.914562    -6.140956	-60.000090    -23.601657   60000.000   10000.000
-----------------------------------------------------------------------------------------
Total				6.576999    -32.227325    125000.000     55000.000
-----------------------------------------------------------------------------------------

-----------------------------------------------------------------------------------------
			Line Flow Result		
-----------------------------------------------------------------------------------------
| From Bus | To Bus |    P (MW)    |    Q (MVAr)     |
-----------------------------------------------------------------------------------------
      1	    2		-90.288625	-32.316686j	
      1	    3		-41.289352	-21.949590j	
      2	    1		88.449344	26.798844j	
      2	    3		-24.904047	-16.610678j	
      2	    4		-28.056311	-20.449323j	
      2	    5		-55.488706	-17.633592j	
      3	    1		39.540076	16.701762j	
      3	    2		24.325143	14.873968j	
      3	    4		-18.864914	-21.209987j	
      4	    2		27.277659	18.113367j	
      4	    3		18.769284	20.923099j	
      4	    5		-6.046641	6.419498j	
      5	    2		54.028757	13.253745j	
      5	    4		5.971333	-6.645423j	
-----------------------------------------------------------------------------------------

-----------------------------------------------------------------------------------------
			Line Loss 		
-----------------------------------------------------------------------------------------
| From Bus | To Bus |    P (MW)    |    Q (MVAr)     |
-----------------------------------------------------------------------------------------
    1	    2		-1.839281	-5.517842	
    1	    3		-1.749276	-5.247828	
    2	    3		-0.578903	-1.736710	
    2	    4		-0.778652	-2.335956	
    2	    5		-1.459949	-4.379847	
    3	    4		-0.095629	-0.286888	
    4	    5		-0.075308	-0.225925	
-----------------------------------------------------------------------------------------
Total			6.576999 MW	19.730998 MVAr
-----------------------------------------------------------------------------------------

#########################################################################################
